# JRE version: OpenJDK Runtime Environment (11.0.11+9) (build 11.0.11+9-b60-7590822)
# Java VM: OpenJDK 64-Bit Server VM (11.0.11+9-b60-7590822, mixed mode, tiered, compressed oops, g1 gc, windows-amd64)
Heap:
 garbage-first heap   total 163840K, used 95429K [0x0000000080000000, 0x0000000100000000)
  region size 1024K, 65 young (66560K), 10 survivors (10240K)
 Metaspace       used 70788K, capacity 71417K, committed 71680K, reserved 1112064K
  class space    used 7880K, capacity 8117K, committed 8192K, reserved 1048576K
GC Heap History (14 events):
Event: 0.367 GC heap before
{Heap before GC invocations=0 (full 0):
 garbage-first heap   total 131072K, used 27648K [0x0000000080000000, 0x0000000100000000)
  region size 1024K, 24 young (24576K), 0 survivors (0K)
 Metaspace       used 12324K, capacity 12469K, committed 12800K, reserved 1060864K
  class space    used 1157K, capacity 1174K, committed 1280K, reserved 1048576K
}
Event: 0.369 GC heap after
{Heap after GC invocations=1 (full 0):
 garbage-first heap   total 131072K, used 5753K [0x0000000080000000, 0x0000000100000000)
  region size 1024K, 3 young (3072K), 3 survivors (3072K)
 Metaspace       used 12324K, capacity 12469K, committed 12800K, reserved 1060864K
  class space    used 1157K, capacity 1174K, committed 1280K, reserved 1048576K
}
Event: 0.795 GC heap before
{Heap before GC invocations=1 (full 0):
 garbage-first heap   total 131072K, used 42617K [0x0000000080000000, 0x0000000100000000)
  region size 1024K, 40 young (40960K), 3 survivors (3072K)
 Metaspace       used 20934K, capacity 21173K, committed 21248K, reserved 1069056K
  class space    used 2204K, capacity 2283K, committed 2304K, reserved 1048576K
}
Event: 0.803 GC heap after
{Heap after GC invocations=2 (full 0):
 garbage-first heap   total 131072K, used 9543K [0x0000000080000000, 0x0000000100000000)
  region size 1024K, 7 young (7168K), 7 survivors (7168K)
 Metaspace       used 20934K, capacity 21173K, committed 21248K, reserved 1069056K
  class space    used 2204K, capacity 2283K, committed 2304K, reserved 1048576K
}
Event: 1.365 GC heap before
{Heap before GC invocations=3 (full 0):
 garbage-first heap   total 131072K, used 68935K [0x0000000080000000, 0x0000000100000000)
  region size 1024K, 57 young (58368K), 7 survivors (7168K)
 Metaspace       used 32009K, capacity 32493K, committed 32640K, reserved 1077248K
  class space    used 3994K, capacity 4156K, committed 4224K, reserved 1048576K
}
Event: 1.377 GC heap after
{Heap after GC invocations=4 (full 0):
 garbage-first heap   total 131072K, used 24072K [0x0000000080000000, 0x0000000100000000)
  region size 1024K, 8 young (8192K), 8 survivors (8192K)
 Metaspace       used 32009K, capacity 32493K, committed 32640K, reserved 1077248K
  class space    used 3994K, capacity 4156K, committed 4224K, reserved 1048576K
}
Event: 1.544 GC heap before
{Heap before GC invocations=4 (full 0):
 garbage-first heap   total 131072K, used 40456K [0x0000000080000000, 0x0000000100000000)
  region size 1024K, 25 young (25600K), 8 survivors (8192K)
 Metaspace       used 35361K, capacity 35736K, committed 35840K, reserved 1081344K
  class space    used 4356K, capacity 4512K, committed 4608K, reserved 1048576K
}
Event: 1.555 GC heap after
{Heap after GC invocations=5 (full 0):
 garbage-first heap   total 131072K, used 26827K [0x0000000080000000, 0x0000000100000000)
  region size 1024K, 3 young (3072K), 3 survivors (3072K)
 Metaspace       used 35361K, capacity 35736K, committed 35840K, reserved 1081344K
  class space    used 4356K, capacity 4512K, committed 4608K, reserved 1048576K
}
Event: 2.032 GC heap before
{Heap before GC invocations=6 (full 0):
 garbage-first heap   total 131072K, used 71883K [0x0000000080000000, 0x0000000100000000)
  region size 1024K, 47 young (48128K), 3 survivors (3072K)
 Metaspace       used 44598K, capacity 45088K, committed 45184K, reserved 1089536K
  class space    used 5301K, capacity 5469K, committed 5504K, reserved 1048576K
}
Event: 2.038 GC heap after
{Heap after GC invocations=7 (full 0):
 garbage-first heap   total 163840K, used 30037K [0x0000000080000000, 0x0000000100000000)
  region size 1024K, 6 young (6144K), 6 survivors (6144K)
 Metaspace       used 44598K, capacity 45088K, committed 45184K, reserved 1089536K
  class space    used 5301K, capacity 5469K, committed 5504K, reserved 1048576K
}
Event: 2.618 GC heap before
{Heap before GC invocations=7 (full 0):
 garbage-first heap   total 163840K, used 92501K [0x0000000080000000, 0x0000000100000000)
  region size 1024K, 66 young (67584K), 6 survivors (6144K)
 Metaspace       used 50727K, capacity 51325K, committed 51456K, reserved 1095680K
  class space    used 5909K, capacity 6137K, committed 6144K, reserved 1048576K
}
Event: 2.627 GC heap after
{Heap after GC invocations=8 (full 0):
 garbage-first heap   total 163840K, used 34427K [0x0000000080000000, 0x0000000100000000)
  region size 1024K, 9 young (9216K), 9 survivors (9216K)
 Metaspace       used 50727K, capacity 51325K, committed 51456K, reserved 1095680K
  class space    used 5909K, capacity 6137K, committed 6144K, reserved 1048576K
}
Event: 3.330 GC heap before
{Heap before GC invocations=8 (full 0):
 garbage-first heap   total 163840K, used 92795K [0x0000000080000000, 0x0000000100000000)
  region size 1024K, 67 young (68608K), 9 survivors (9216K)
 Metaspace       used 59436K, capacity 60039K, committed 60160K, reserved 1101824K
  class space    used 6794K, capacity 7012K, committed 7040K, reserved 1048576K
}
Event: 3.349 GC heap after
{Heap after GC invocations=9 (full 0):
 garbage-first heap   total 163840K, used 40133K [0x0000000080000000, 0x0000000100000000)
  region size 1024K, 10 young (10240K), 10 survivors (10240K)
 Metaspace       used 59436K, capacity 60039K, committed 60160K, reserved 1101824K
  class space    used 6794K, capacity 7012K, committed 7040K, reserved 1048576K
}

