# JRE version: OpenJDK Runtime Environment (11.0.11+9) (build 11.0.11+9-b60-7590822)
# Java VM: OpenJDK 64-Bit Server VM (11.0.11+9-b60-7590822, mixed mode, tiered, compressed oops, g1 gc, windows-amd64)
Heap:
 garbage-first heap   total 168960K, used 30259K [0x0000000080000000, 0x0000000100000000)
  region size 1024K, 6 young (6144K), 6 survivors (6144K)
 Metaspace       used 44803K, capacity 45316K, committed 45440K, reserved 1089536K
  class space    used 5323K, capacity 5502K, committed 5504K, reserved 1048576K
GC Heap History (9 events):
Event: 0.358 GC heap before
{Heap before GC invocations=0 (full 0):
 garbage-first heap   total 131072K, used 27648K [0x0000000080000000, 0x0000000100000000)
  region size 1024K, 24 young (24576K), 0 survivors (0K)
 Metaspace       used 12323K, capacity 12469K, committed 12800K, reserved 1060864K
  class space    used 1157K, capacity 1174K, committed 1280K, reserved 1048576K
}
Event: 0.361 GC heap after
{Heap after GC invocations=1 (full 0):
 garbage-first heap   total 131072K, used 5727K [0x0000000080000000, 0x0000000100000000)
  region size 1024K, 3 young (3072K), 3 survivors (3072K)
 Metaspace       used 12323K, capacity 12469K, committed 12800K, reserved 1060864K
  class space    used 1157K, capacity 1174K, committed 1280K, reserved 1048576K
}
Event: 0.779 GC heap before
{Heap before GC invocations=1 (full 0):
 garbage-first heap   total 131072K, used 42591K [0x0000000080000000, 0x0000000100000000)
  region size 1024K, 40 young (40960K), 3 survivors (3072K)
 Metaspace       used 20952K, capacity 21173K, committed 21248K, reserved 1069056K
  class space    used 2204K, capacity 2283K, committed 2304K, reserved 1048576K
}
Event: 0.788 GC heap after
{Heap after GC invocations=2 (full 0):
 garbage-first heap   total 131072K, used 9548K [0x0000000080000000, 0x0000000100000000)
  region size 1024K, 7 young (7168K), 7 survivors (7168K)
 Metaspace       used 20952K, capacity 21173K, committed 21248K, reserved 1069056K
  class space    used 2204K, capacity 2283K, committed 2304K, reserved 1048576K
}
Event: 1.333 GC heap before
{Heap before GC invocations=3 (full 0):
 garbage-first heap   total 131072K, used 68940K [0x0000000080000000, 0x0000000100000000)
  region size 1024K, 57 young (58368K), 7 survivors (7168K)
 Metaspace       used 32006K, capacity 32493K, committed 32640K, reserved 1077248K
  class space    used 3993K, capacity 4156K, committed 4224K, reserved 1048576K
}
Event: 1.346 GC heap after
{Heap after GC invocations=4 (full 0):
 garbage-first heap   total 131072K, used 24071K [0x0000000080000000, 0x0000000100000000)
  region size 1024K, 8 young (8192K), 8 survivors (8192K)
 Metaspace       used 32006K, capacity 32493K, committed 32640K, reserved 1077248K
  class space    used 3993K, capacity 4156K, committed 4224K, reserved 1048576K
}
Event: 1.517 GC heap before
{Heap before GC invocations=4 (full 0):
 garbage-first heap   total 131072K, used 41479K [0x0000000080000000, 0x0000000100000000)
  region size 1024K, 26 young (26624K), 8 survivors (8192K)
 Metaspace       used 35359K, capacity 35768K, committed 35840K, reserved 1081344K
  class space    used 4360K, capacity 4544K, committed 4608K, reserved 1048576K
}
Event: 1.529 GC heap after
{Heap after GC invocations=5 (full 0):
 garbage-first heap   total 131072K, used 26653K [0x0000000080000000, 0x0000000100000000)
  region size 1024K, 3 young (3072K), 3 survivors (3072K)
 Metaspace       used 35359K, capacity 35768K, committed 35840K, reserved 1081344K
  class space    used 4360K, capacity 4544K, committed 4608K, reserved 1048576K
}
Event: 2.041 GC heap before
{Heap before GC invocations=6 (full 0):
 garbage-first heap   total 131072K, used 72733K [0x0000000080000000, 0x0000000100000000)
  region size 1024K, 48 young (49152K), 3 survivors (3072K)
 Metaspace       used 44803K, capacity 45316K, committed 45440K, reserved 1089536K
  class space    used 5323K, capacity 5502K, committed 5504K, reserved 1048576K
}

