# JRE version: OpenJDK Runtime Environment (11.0.11+9) (build 11.0.11+9-b60-7590822)
# Java VM: OpenJDK 64-Bit Server VM (11.0.11+9-b60-7590822, mixed mode, tiered, compressed oops, g1 gc, windows-amd64)
Heap:
 garbage-first heap   total 613376K, used 152858K [0x0000000080000000, 0x0000000100000000)
  region size 1024K, 7 young (7168K), 7 survivors (7168K)
 Metaspace       used 118636K, capacity 121411K, committed 122112K, reserved 1155072K
  class space    used 15098K, capacity 16220K, committed 16460K, reserved 1048576K
GC Heap History (20 events):
Event: 18.584 GC heap after
{Heap after GC invocations=51 (full 0):
 garbage-first heap   total 189440K, used 130130K [0x0000000080000000, 0x0000000100000000)
  region size 1024K, 5 young (5120K), 5 survivors (5120K)
 Metaspace       used 115988K, capacity 118933K, committed 119296K, reserved 1153024K
  class space    used 14911K, capacity 16096K, committed 16204K, reserved 1048576K
}
Event: 18.596 GC heap before
{Heap before GC invocations=51 (full 0):
 garbage-first heap   total 189440K, used 134226K [0x0000000080000000, 0x0000000100000000)
  region size 1024K, 9 young (9216K), 5 survivors (5120K)
 Metaspace       used 116162K, capacity 119095K, committed 119296K, reserved 1153024K
  class space    used 14941K, capacity 16128K, committed 16204K, reserved 1048576K
}
Event: 18.600 GC heap after
{Heap after GC invocations=52 (full 0):
 garbage-first heap   total 189440K, used 129976K [0x0000000080000000, 0x0000000100000000)
  region size 1024K, 1 young (1024K), 1 survivors (1024K)
 Metaspace       used 116162K, capacity 119095K, committed 119296K, reserved 1153024K
  class space    used 14941K, capacity 16128K, committed 16204K, reserved 1048576K
}
Event: 18.665 GC heap before
{Heap before GC invocations=52 (full 0):
 garbage-first heap   total 189440K, used 158648K [0x0000000080000000, 0x0000000100000000)
  region size 1024K, 29 young (29696K), 1 survivors (1024K)
 Metaspace       used 116670K, capacity 119675K, committed 119936K, reserved 1153024K
  class space    used 15033K, capacity 16214K, committed 16332K, reserved 1048576K
}
Event: 18.673 GC heap after
{Heap after GC invocations=53 (full 0):
 garbage-first heap   total 227328K, used 130745K [0x0000000080000000, 0x0000000100000000)
  region size 1024K, 2 young (2048K), 2 survivors (2048K)
 Metaspace       used 116670K, capacity 119675K, committed 119936K, reserved 1153024K
  class space    used 15033K, capacity 16214K, committed 16332K, reserved 1048576K
}
Event: 18.904 GC heap before
{Heap before GC invocations=54 (full 0):
 garbage-first heap   total 227328K, used 174777K [0x0000000080000000, 0x0000000100000000)
  region size 1024K, 45 young (46080K), 2 survivors (2048K)
 Metaspace       used 116551K, capacity 119130K, committed 120192K, reserved 1153024K
  class space    used 14875K, capacity 15912K, committed 16332K, reserved 1048576K
}
Event: 18.912 GC heap after
{Heap after GC invocations=55 (full 0):
 garbage-first heap   total 227328K, used 130968K [0x0000000080000000, 0x0000000100000000)
  region size 1024K, 2 young (2048K), 2 survivors (2048K)
 Metaspace       used 116551K, capacity 119130K, committed 120192K, reserved 1153024K
  class space    used 14875K, capacity 15912K, committed 16332K, reserved 1048576K
}
Event: 19.009 GC heap before
{Heap before GC invocations=55 (full 0):
 garbage-first heap   total 227328K, used 178072K [0x0000000080000000, 0x0000000100000000)
  region size 1024K, 48 young (49152K), 2 survivors (2048K)
 Metaspace       used 116887K, capacity 119520K, committed 120704K, reserved 1153024K
  class space    used 14917K, capacity 15957K, committed 16332K, reserved 1048576K
}
Event: 19.014 GC heap after
{Heap after GC invocations=56 (full 0):
 garbage-first heap   total 227328K, used 131680K [0x0000000080000000, 0x0000000100000000)
  region size 1024K, 3 young (3072K), 3 survivors (3072K)
 Metaspace       used 116887K, capacity 119520K, committed 120704K, reserved 1153024K
  class space    used 14917K, capacity 15957K, committed 16332K, reserved 1048576K
}
Event: 19.093 GC heap before
{Heap before GC invocations=56 (full 0):
 garbage-first heap   total 227328K, used 179808K [0x0000000080000000, 0x0000000100000000)
  region size 1024K, 51 young (52224K), 3 survivors (3072K)
 Metaspace       used 117406K, capacity 120070K, committed 120960K, reserved 1155072K
  class space    used 14969K, capacity 16033K, committed 16332K, reserved 1048576K
}
Event: 19.096 GC heap after
{Heap after GC invocations=57 (full 0):
 garbage-first heap   total 227328K, used 131858K [0x0000000080000000, 0x0000000100000000)
  region size 1024K, 3 young (3072K), 3 survivors (3072K)
 Metaspace       used 117406K, capacity 120070K, committed 120960K, reserved 1155072K
  class space    used 14969K, capacity 16033K, committed 16332K, reserved 1048576K
}
Event: 19.212 GC heap before
{Heap before GC invocations=57 (full 0):
 garbage-first heap   total 227328K, used 182034K [0x0000000080000000, 0x0000000100000000)
  region size 1024K, 53 young (54272K), 3 survivors (3072K)
 Metaspace       used 117917K, capacity 120572K, committed 121344K, reserved 1155072K
  class space    used 15034K, capacity 16117K, committed 16460K, reserved 1048576K
}
Event: 19.220 GC heap after
{Heap after GC invocations=58 (full 0):
 garbage-first heap   total 287744K, used 133543K [0x0000000080000000, 0x0000000100000000)
  region size 1024K, 5 young (5120K), 5 survivors (5120K)
 Metaspace       used 117917K, capacity 120572K, committed 121344K, reserved 1155072K
  class space    used 15034K, capacity 16117K, committed 16460K, reserved 1048576K
}
Event: 19.572 GC heap before
{Heap before GC invocations=58 (full 0):
 garbage-first heap   total 287744K, used 212391K [0x0000000080000000, 0x0000000100000000)
  region size 1024K, 83 young (84992K), 5 survivors (5120K)
 Metaspace       used 118600K, capacity 121390K, committed 122112K, reserved 1155072K
  class space    used 15090K, capacity 16213K, committed 16460K, reserved 1048576K
}
Event: 19.577 GC heap after
{Heap after GC invocations=59 (full 0):
 garbage-first heap   total 287744K, used 135831K [0x0000000080000000, 0x0000000100000000)
  region size 1024K, 7 young (7168K), 7 survivors (7168K)
 Metaspace       used 118600K, capacity 121390K, committed 122112K, reserved 1155072K
  class space    used 15090K, capacity 16213K, committed 16460K, reserved 1048576K
}
Event: 19.663 GC heap before
{Heap before GC invocations=59 (full 0):
 garbage-first heap   total 287744K, used 217751K [0x0000000080000000, 0x0000000100000000)
  region size 1024K, 88 young (90112K), 7 survivors (7168K)
 Metaspace       used 118611K, capacity 121402K, committed 122112K, reserved 1155072K
  class space    used 15092K, capacity 16217K, committed 16460K, reserved 1048576K
}
Event: 19.682 GC heap after
{Heap after GC invocations=60 (full 0):
 garbage-first heap   total 287744K, used 143245K [0x0000000080000000, 0x0000000100000000)
  region size 1024K, 11 young (11264K), 11 survivors (11264K)
 Metaspace       used 118611K, capacity 121402K, committed 122112K, reserved 1155072K
  class space    used 15092K, capacity 16217K, committed 16460K, reserved 1048576K
}
Event: 19.895 GC heap before
{Heap before GC invocations=60 (full 0):
 garbage-first heap   total 287744K, used 225165K [0x0000000080000000, 0x0000000100000000)
  region size 1024K, 91 young (93184K), 11 survivors (11264K)
 Metaspace       used 118630K, capacity 121408K, committed 122112K, reserved 1155072K
  class space    used 15096K, capacity 16219K, committed 16460K, reserved 1048576K
}
Event: 19.955 GC heap after
{Heap after GC invocations=61 (full 0):
 garbage-first heap   total 287744K, used 148016K [0x0000000080000000, 0x0000000100000000)
  region size 1024K, 7 young (7168K), 7 survivors (7168K)
 Metaspace       used 118630K, capacity 121408K, committed 122112K, reserved 1155072K
  class space    used 15096K, capacity 16219K, committed 16460K, reserved 1048576K
}
Event: 20.133 GC heap before
{Heap before GC invocations=61 (full 0):
 garbage-first heap   total 287744K, used 227888K [0x0000000080000000, 0x0000000100000000)
  region size 1024K, 86 young (88064K), 7 survivors (7168K)
 Metaspace       used 118636K, capacity 121411K, committed 122112K, reserved 1155072K
  class space    used 15098K, capacity 16220K, committed 16460K, reserved 1048576K
}

