# JRE version: OpenJDK Runtime Environment (11.0.11+9) (build 11.0.11+9-b60-7590822)
# Java VM: OpenJDK 64-Bit Server VM (11.0.11+9-b60-7590822, mixed mode, tiered, compressed oops, g1 gc, windows-amd64)
Heap:
 garbage-first heap   total 471040K, used 157578K [0x0000000080000000, 0x0000000100000000)
  region size 1024K, 4 young (4096K), 4 survivors (4096K)
 Metaspace       used 106421K, capacity 109230K, committed 109568K, reserved 1142784K
  class space    used 14101K, capacity 15202K, committed 15360K, reserved 1048576K
GC Heap History (20 events):
Event: 35.498 GC heap after
{Heap after GC invocations=31 (full 0):
 garbage-first heap   total 189440K, used 142244K [0x0000000080000000, 0x0000000100000000)
  region size 1024K, 4 young (4096K), 4 survivors (4096K)
 Metaspace       used 101319K, capacity 103942K, committed 104320K, reserved 1138688K
  class space    used 13310K, capacity 14330K, committed 14464K, reserved 1048576K
}
Event: 35.518 GC heap before
{Heap before GC invocations=31 (full 0):
 garbage-first heap   total 189440K, used 160676K [0x0000000080000000, 0x0000000100000000)
  region size 1024K, 22 young (22528K), 4 survivors (4096K)
 Metaspace       used 101495K, capacity 104107K, committed 104320K, reserved 1138688K
  class space    used 13329K, capacity 14362K, committed 14464K, reserved 1048576K
}
Event: 35.523 GC heap after
{Heap after GC invocations=32 (full 0):
 garbage-first heap   total 189440K, used 145620K [0x0000000080000000, 0x0000000100000000)
  region size 1024K, 3 young (3072K), 3 survivors (3072K)
 Metaspace       used 101495K, capacity 104107K, committed 104320K, reserved 1138688K
  class space    used 13329K, capacity 14362K, committed 14464K, reserved 1048576K
}
Event: 35.536 GC heap before
{Heap before GC invocations=32 (full 0):
 garbage-first heap   total 189440K, used 160980K [0x0000000080000000, 0x0000000100000000)
  region size 1024K, 18 young (18432K), 3 survivors (3072K)
 Metaspace       used 101658K, capacity 104244K, committed 104576K, reserved 1138688K
  class space    used 13345K, capacity 14365K, committed 14464K, reserved 1048576K
}
Event: 35.540 GC heap after
{Heap after GC invocations=33 (full 0):
 garbage-first heap   total 189440K, used 148965K [0x0000000080000000, 0x0000000100000000)
  region size 1024K, 3 young (3072K), 3 survivors (3072K)
 Metaspace       used 101658K, capacity 104244K, committed 104576K, reserved 1138688K
  class space    used 13345K, capacity 14365K, committed 14464K, reserved 1048576K
}
Event: 35.554 GC heap before
{Heap before GC invocations=33 (full 0):
 garbage-first heap   total 189440K, used 161253K [0x0000000080000000, 0x0000000100000000)
  region size 1024K, 16 young (16384K), 3 survivors (3072K)
 Metaspace       used 101851K, capacity 104468K, committed 104832K, reserved 1140736K
  class space    used 13351K, capacity 14397K, committed 14464K, reserved 1048576K
}
Event: 35.557 GC heap after
{Heap after GC invocations=34 (full 0):
 garbage-first heap   total 189440K, used 151552K [0x0000000080000000, 0x0000000100000000)
  region size 1024K, 2 young (2048K), 2 survivors (2048K)
 Metaspace       used 101851K, capacity 104468K, committed 104832K, reserved 1140736K
  class space    used 13351K, capacity 14397K, committed 14464K, reserved 1048576K
}
Event: 35.602 GC heap before
{Heap before GC invocations=34 (full 0):
 garbage-first heap   total 189440K, used 163840K [0x0000000080000000, 0x0000000100000000)
  region size 1024K, 14 young (14336K), 2 survivors (2048K)
 Metaspace       used 102488K, capacity 105236K, committed 105472K, reserved 1140736K
  class space    used 13490K, capacity 14584K, committed 14592K, reserved 1048576K
}
Event: 35.605 GC heap after
{Heap after GC invocations=35 (full 0):
 garbage-first heap   total 189440K, used 153924K [0x0000000080000000, 0x0000000100000000)
  region size 1024K, 2 young (2048K), 2 survivors (2048K)
 Metaspace       used 102488K, capacity 105236K, committed 105472K, reserved 1140736K
  class space    used 13490K, capacity 14584K, committed 14592K, reserved 1048576K
}
Event: 35.695 GC heap before
{Heap before GC invocations=36 (full 0):
 garbage-first heap   total 189440K, used 164164K [0x0000000080000000, 0x0000000100000000)
  region size 1024K, 12 young (12288K), 2 survivors (2048K)
 Metaspace       used 104279K, capacity 107052K, committed 107136K, reserved 1140736K
  class space    used 13810K, capacity 14904K, committed 14976K, reserved 1048576K
}
Event: 35.697 GC heap after
{Heap after GC invocations=37 (full 0):
 garbage-first heap   total 189440K, used 154702K [0x0000000080000000, 0x0000000100000000)
  region size 1024K, 1 young (1024K), 1 survivors (1024K)
 Metaspace       used 104279K, capacity 107052K, committed 107136K, reserved 1140736K
  class space    used 13810K, capacity 14904K, committed 14976K, reserved 1048576K
}
Event: 35.734 GC heap before
{Heap before GC invocations=37 (full 0):
 garbage-first heap   total 189440K, used 162894K [0x0000000080000000, 0x0000000100000000)
  region size 1024K, 10 young (10240K), 1 survivors (1024K)
 Metaspace       used 105303K, capacity 108074K, committed 108288K, reserved 1142784K
  class space    used 14000K, capacity 15092K, committed 15104K, reserved 1048576K
}
Event: 35.739 GC heap after
{Heap after GC invocations=38 (full 0):
 garbage-first heap   total 295936K, used 154829K [0x0000000080000000, 0x0000000100000000)
  region size 1024K, 1 young (1024K), 1 survivors (1024K)
 Metaspace       used 105303K, capacity 108074K, committed 108288K, reserved 1142784K
  class space    used 14000K, capacity 15092K, committed 15104K, reserved 1048576K
}
Event: 35.944 GC heap before
{Heap before GC invocations=39 (full 0):
 garbage-first heap   total 295936K, used 203981K [0x0000000080000000, 0x0000000100000000)
  region size 1024K, 49 young (50176K), 1 survivors (1024K)
 Metaspace       used 105729K, capacity 108513K, committed 108928K, reserved 1142784K
  class space    used 14044K, capacity 15140K, committed 15232K, reserved 1048576K
}
Event: 35.948 GC heap after
{Heap after GC invocations=40 (full 0):
 garbage-first heap   total 295936K, used 156068K [0x0000000080000000, 0x0000000100000000)
  region size 1024K, 2 young (2048K), 2 survivors (2048K)
 Metaspace       used 105729K, capacity 108513K, committed 108928K, reserved 1142784K
  class space    used 14044K, capacity 15140K, committed 15232K, reserved 1048576K
}
Event: 36.053 GC heap before
{Heap before GC invocations=40 (full 0):
 garbage-first heap   total 295936K, used 209316K [0x0000000080000000, 0x0000000100000000)
  region size 1024K, 54 young (55296K), 2 survivors (2048K)
 Metaspace       used 105884K, capacity 108616K, committed 108928K, reserved 1142784K
  class space    used 14071K, capacity 15152K, committed 15232K, reserved 1048576K
}
Event: 36.057 GC heap after
{Heap after GC invocations=41 (full 0):
 garbage-first heap   total 295936K, used 156644K [0x0000000080000000, 0x0000000100000000)
  region size 1024K, 3 young (3072K), 3 survivors (3072K)
 Metaspace       used 105884K, capacity 108616K, committed 108928K, reserved 1142784K
  class space    used 14071K, capacity 15152K, committed 15232K, reserved 1048576K
}
Event: 36.289 GC heap before
{Heap before GC invocations=42 (full 0):
 garbage-first heap   total 295936K, used 213988K [0x0000000080000000, 0x0000000100000000)
  region size 1024K, 60 young (61440K), 3 survivors (3072K)
 Metaspace       used 106184K, capacity 108953K, committed 109184K, reserved 1142784K
  class space    used 14077K, capacity 15153K, committed 15232K, reserved 1048576K
}
Event: 36.292 GC heap after
{Heap after GC invocations=43 (full 0):
 garbage-first heap   total 295936K, used 156454K [0x0000000080000000, 0x0000000100000000)
  region size 1024K, 3 young (3072K), 3 survivors (3072K)
 Metaspace       used 106184K, capacity 108953K, committed 109184K, reserved 1142784K
  class space    used 14077K, capacity 15153K, committed 15232K, reserved 1048576K
}
Event: 36.403 GC heap before
{Heap before GC invocations=43 (full 0):
 garbage-first heap   total 295936K, used 219942K [0x0000000080000000, 0x0000000100000000)
  region size 1024K, 65 young (66560K), 3 survivors (3072K)
 Metaspace       used 106421K, capacity 109230K, committed 109568K, reserved 1142784K
  class space    used 14101K, capacity 15202K, committed 15360K, reserved 1048576K
}

