# JRE version: OpenJDK Runtime Environment (11.0.11+9) (build 11.0.11+9-b60-7590822)
# Java VM: OpenJDK 64-Bit Server VM (11.0.11+9-b60-7590822, mixed mode, tiered, compressed oops, g1 gc, windows-amd64)
Heap:
 garbage-first heap   total 573440K, used 160309K [0x0000000080000000, 0x0000000100000000)
  region size 1024K, 4 young (4096K), 4 survivors (4096K)
 Metaspace       used 113360K, capacity 116306K, committed 116480K, reserved 1148928K
  class space    used 14928K, capacity 16079K, committed 16204K, reserved 1048576K
GC Heap History (20 events):
Event: 215.747 GC heap after
{Heap after GC invocations=50 (full 0):
 garbage-first heap   total 189440K, used 145817K [0x0000000080000000, 0x0000000100000000)
  region size 1024K, 3 young (3072K), 3 survivors (3072K)
 Metaspace       used 107951K, capacity 110728K, committed 110848K, reserved 1144832K
  class space    used 14084K, capacity 15150K, committed 15180K, reserved 1048576K
}
Event: 215.764 GC heap before
{Heap before GC invocations=50 (full 0):
 garbage-first heap   total 189440K, used 161177K [0x0000000080000000, 0x0000000100000000)
  region size 1024K, 18 young (18432K), 3 survivors (3072K)
 Metaspace       used 108196K, capacity 111016K, committed 111232K, reserved 1144832K
  class space    used 14123K, capacity 15182K, committed 15308K, reserved 1048576K
}
Event: 215.769 GC heap after
{Heap after GC invocations=51 (full 0):
 garbage-first heap   total 189440K, used 149202K [0x0000000080000000, 0x0000000100000000)
  region size 1024K, 3 young (3072K), 3 survivors (3072K)
 Metaspace       used 108196K, capacity 111016K, committed 111232K, reserved 1144832K
  class space    used 14123K, capacity 15182K, committed 15308K, reserved 1048576K
}
Event: 215.783 GC heap before
{Heap before GC invocations=51 (full 0):
 garbage-first heap   total 189440K, used 162514K [0x0000000080000000, 0x0000000100000000)
  region size 1024K, 16 young (16384K), 3 survivors (3072K)
 Metaspace       used 108374K, capacity 111153K, committed 111488K, reserved 1144832K
  class space    used 14140K, capacity 15185K, committed 15308K, reserved 1048576K
}
Event: 215.786 GC heap after
{Heap after GC invocations=52 (full 0):
 garbage-first heap   total 189440K, used 151716K [0x0000000080000000, 0x0000000100000000)
  region size 1024K, 2 young (2048K), 2 survivors (2048K)
 Metaspace       used 108374K, capacity 111153K, committed 111488K, reserved 1144832K
  class space    used 14140K, capacity 15185K, committed 15308K, reserved 1048576K
}
Event: 215.810 GC heap before
{Heap before GC invocations=52 (full 0):
 garbage-first heap   total 189440K, used 161956K [0x0000000080000000, 0x0000000100000000)
  region size 1024K, 13 young (13312K), 2 survivors (2048K)
 Metaspace       used 108258K, capacity 110885K, committed 111488K, reserved 1144832K
  class space    used 14060K, capacity 15035K, committed 15308K, reserved 1048576K
}
Event: 215.813 GC heap after
{Heap after GC invocations=53 (full 0):
 garbage-first heap   total 189440K, used 154157K [0x0000000080000000, 0x0000000100000000)
  region size 1024K, 2 young (2048K), 2 survivors (2048K)
 Metaspace       used 108258K, capacity 110885K, committed 111488K, reserved 1144832K
  class space    used 14060K, capacity 15035K, committed 15308K, reserved 1048576K
}
Event: 215.840 GC heap before
{Heap before GC invocations=53 (full 0):
 garbage-first heap   total 189440K, used 163373K [0x0000000080000000, 0x0000000100000000)
  region size 1024K, 12 young (12288K), 2 survivors (2048K)
 Metaspace       used 108561K, capacity 111259K, committed 111744K, reserved 1146880K
  class space    used 14131K, capacity 15150K, committed 15308K, reserved 1048576K
}
Event: 215.844 GC heap after
{Heap after GC invocations=54 (full 0):
 garbage-first heap   total 189440K, used 156243K [0x0000000080000000, 0x0000000100000000)
  region size 1024K, 2 young (2048K), 2 survivors (2048K)
 Metaspace       used 108561K, capacity 111259K, committed 111744K, reserved 1146880K
  class space    used 14131K, capacity 15150K, committed 15308K, reserved 1048576K
}
Event: 215.936 GC heap before
{Heap before GC invocations=55 (full 0):
 garbage-first heap   total 189440K, used 164435K [0x0000000080000000, 0x0000000100000000)
  region size 1024K, 11 young (11264K), 2 survivors (2048K)
 Metaspace       used 110285K, capacity 113082K, committed 113280K, reserved 1146880K
  class space    used 14480K, capacity 15547K, committed 15564K, reserved 1048576K
}
Event: 215.940 GC heap after
{Heap after GC invocations=56 (full 0):
 garbage-first heap   total 189440K, used 156756K [0x0000000080000000, 0x0000000100000000)
  region size 1024K, 1 young (1024K), 1 survivors (1024K)
 Metaspace       used 110285K, capacity 113082K, committed 113280K, reserved 1146880K
  class space    used 14480K, capacity 15547K, committed 15564K, reserved 1048576K
}
Event: 215.993 GC heap before
{Heap before GC invocations=56 (full 0):
 garbage-first heap   total 189440K, used 164948K [0x0000000080000000, 0x0000000100000000)
  region size 1024K, 9 young (9216K), 1 survivors (1024K)
 Metaspace       used 111487K, capacity 114545K, committed 114688K, reserved 1148928K
  class space    used 14709K, capacity 15874K, committed 15948K, reserved 1048576K
}
Event: 216.000 GC heap after
{Heap after GC invocations=57 (full 0):
 garbage-first heap   total 318464K, used 156836K [0x0000000080000000, 0x0000000100000000)
  region size 1024K, 1 young (1024K), 1 survivors (1024K)
 Metaspace       used 111487K, capacity 114545K, committed 114688K, reserved 1148928K
  class space    used 14709K, capacity 15874K, committed 15948K, reserved 1048576K
}
Event: 216.243 GC heap before
{Heap before GC invocations=58 (full 0):
 garbage-first heap   total 318464K, used 214180K [0x0000000080000000, 0x0000000100000000)
  region size 1024K, 57 young (58368K), 1 survivors (1024K)
 Metaspace       used 112357K, capacity 115322K, committed 115584K, reserved 1148928K
  class space    used 14842K, capacity 15972K, committed 16076K, reserved 1048576K
}
Event: 216.247 GC heap after
{Heap after GC invocations=59 (full 0):
 garbage-first heap   total 318464K, used 158646K [0x0000000080000000, 0x0000000100000000)
  region size 1024K, 3 young (3072K), 3 survivors (3072K)
 Metaspace       used 112357K, capacity 115322K, committed 115584K, reserved 1148928K
  class space    used 14842K, capacity 15972K, committed 16076K, reserved 1048576K
}
Event: 216.363 GC heap before
{Heap before GC invocations=59 (full 0):
 garbage-first heap   total 318464K, used 221110K [0x0000000080000000, 0x0000000100000000)
  region size 1024K, 64 young (65536K), 3 survivors (3072K)
 Metaspace       used 112800K, capacity 115799K, committed 116096K, reserved 1148928K
  class space    used 14870K, capacity 16016K, committed 16076K, reserved 1048576K
}
Event: 216.368 GC heap after
{Heap after GC invocations=60 (full 0):
 garbage-first heap   total 318464K, used 158964K [0x0000000080000000, 0x0000000100000000)
  region size 1024K, 3 young (3072K), 3 survivors (3072K)
 Metaspace       used 112800K, capacity 115799K, committed 116096K, reserved 1148928K
  class space    used 14870K, capacity 16016K, committed 16076K, reserved 1048576K
}
Event: 216.540 GC heap before
{Heap before GC invocations=61 (full 0):
 garbage-first heap   total 318464K, used 227572K [0x0000000080000000, 0x0000000100000000)
  region size 1024K, 70 young (71680K), 3 survivors (3072K)
 Metaspace       used 113016K, capacity 115953K, committed 116096K, reserved 1148928K
  class space    used 14882K, capacity 16024K, committed 16076K, reserved 1048576K
}
Event: 216.544 GC heap after
{Heap after GC invocations=62 (full 0):
 garbage-first heap   total 318464K, used 158657K [0x0000000080000000, 0x0000000100000000)
  region size 1024K, 3 young (3072K), 3 survivors (3072K)
 Metaspace       used 113016K, capacity 115953K, committed 116096K, reserved 1148928K
  class space    used 14882K, capacity 16024K, committed 16076K, reserved 1048576K
}
Event: 216.657 GC heap before
{Heap before GC invocations=62 (full 0):
 garbage-first heap   total 318464K, used 234433K [0x0000000080000000, 0x0000000100000000)
  region size 1024K, 77 young (78848K), 3 survivors (3072K)
 Metaspace       used 113360K, capacity 116306K, committed 116480K, reserved 1148928K
  class space    used 14928K, capacity 16079K, committed 16204K, reserved 1048576K
}

